<?xml version="1.0" encoding="UTF-8"?>
<testng-results skipped="0" failed="0" ignored="0" total="2" passed="2">
  <reporter-output>
  </reporter-output>
  <suite name="Default suite" duration-ms="53" started-at="2023-01-06T19:02:19 CET" finished-at="2023-01-06T19:02:19 CET">
    <groups>
    </groups>
    <test name="Default test" duration-ms="53" started-at="2023-01-06T19:02:19 CET" finished-at="2023-01-06T19:02:19 CET">
      <class name="test_package.Resource_File_Test1">
        <test-method status="PASS" signature="f1()[pri:0, instance:test_package.Resource_File_Test1@57e1b0c]" name="f1" duration-ms="13" started-at="2023-01-06T19:02:19 CET" finished-at="2023-01-06T19:02:19 CET">
          <reporter-output>
          </reporter-output>
        </test-method> <!-- f1 -->
        <test-method status="PASS" signature="f2()[pri:0, instance:test_package.Resource_File_Test1@57e1b0c]" name="f2" duration-ms="2" started-at="2023-01-06T19:02:19 CET" finished-at="2023-01-06T19:02:19 CET">
          <reporter-output>
          </reporter-output>
        </test-method> <!-- f2 -->
      </class> <!-- test_package.Resource_File_Test1 -->
    </test> <!-- Default test -->
  </suite> <!-- Default suite -->
</testng-results>
